<?xml version="1.0" encoding="UTF-8"?>
<testsuite failures="4" tests="7" errors="0" name="CombinedTA" skip="0">
<testcase classname="CombinedTA.tc reg CORE NTHLRFE NEIW integration" name="Create MR" time="147">
</testcase>
<testcase classname="CombinedTA.tc reg CORE NTHLRFE NEIW integration" name="Create SFTP user in NEAC" time="408">
</testcase>
<testcase classname="CombinedTA.tc reg CORE NTHLRFE NEIW integration" name="Create NEAC Service Users" time="1659">
</testcase>
<testcase classname="CombinedTA.tc reg CORE NTHLRFE NEIW integration" name="NTHLRFE NEIW" time="1336">
<failure message="*HTML*&lt;a href=&quot;./Integration not successful. 2019-02-26 08:39:58.txt&quot;&gt;Integration not successful. Please check.&lt;/a&gt;" type="AssertionError"></failure>
</testcase>
<testcase classname="CombinedTA.tc reg CORE NTHLRFE NEIW integration" name="Configuring SSH connection between NTHLRFE and NetAct" time="0">
<failure message="SSH connection not established since there was a failure" type="AssertionError"></failure>
</testcase>
<testcase classname="CombinedTA.tc reg CORE NTHLRFE NEIW integration" name="Verify Alarm Upload" time="0">
<failure message="Verify Alarm Upload not executed since there was failure" type="AssertionError"></failure>
</testcase>
<testcase classname="CombinedTA.tc reg CORE NTHLRFE NEIW integration" name="Verify CM Upload" time="0">
<failure message="Verify Alarm Upload and CM Upload not executed since there was failure" type="AssertionError"></failure>
</testcase>
</testsuite>
